<?xml version="1.0" encoding="UTF-8"?>
<!-- Generated by org.testng.reporters.JUnitReportReporter -->
<testsuite hostname="DESKTOP-MEL0TQP" failures="0" tests="1" name="mjd2_1.DemoTest1" time="12.264" errors="0" timestamp="2024-08-10T18:26:07 IST" skipped="0">
  <testcase classname="mjd2_1.DemoTest1" name="demoTest1" time="12.264"/>
  <system-out/>
</testsuite> <!-- mjd2_1.DemoTest1 -->
