<?xml version="1.0" encoding="UTF-8"?>
<!-- Generated by org.testng.reporters.JUnitReportReporter -->
<testsuite hostname="DESKTOP-MEL0TQP" failures="0" tests="1" name="mjd2_1.DemoParametersTest" time="6.793" errors="0" timestamp="2024-08-06T15:28:31 IST" skipped="0">
  <testcase classname="mjd2_1.DemoParametersTest" name="demoParametersTest" time="6.793"/>
  <system-out/>
</testsuite> <!-- mjd2_1.DemoParametersTest -->
